11-19-2022 16:39:47 | INFO | ====================================================
11-19-2022 16:39:47 | INFO | Auto create name file: Data_vinabiz.us_20221119_163947
11-19-2022 16:39:47 | DEBUG | Args: Namespace(start=1, end=1, out='Data_vinabiz.us_20221119_163947')
11-19-2022 16:39:47 | INFO | <===> Crawl start
11-19-2022 16:39:47 | INFO | Getting list of company in page 1 ~ url: https://vinabiz.us/company
11-19-2022 16:39:47 | DEBUG | Starting new HTTPS connection (1): vinabiz.us:443
11-19-2022 16:39:47 | DEBUG | https://vinabiz.us:443 "GET /company HTTP/1.1" 200 None
11-19-2022 16:39:47 | DEBUG | Encoding detection: utf_8 is most likely the one.
11-19-2022 16:39:47 | INFO | Get total 20 company url
11-19-2022 16:39:47 | INFO | count: 1
11-19-2022 16:39:47 | INFO | Get company details in https://vinabiz.us/company/detail/cong-ty-tnhh-mtv-xnk-phu-phat/3400390030003000380039003100300033003500
11-19-2022 16:39:47 | DEBUG | Starting new HTTPS connection (1): vinabiz.us:443
11-19-2022 16:39:48 | DEBUG | https://vinabiz.us:443 "GET /company/detail/cong-ty-tnhh-mtv-xnk-phu-phat/3400390030003000380039003100300033003500 HTTP/1.1" 200 None
11-19-2022 16:39:48 | DEBUG | Encoding detection: utf_8 is most likely the one.
11-19-2022 16:39:48 | INFO | email-data: <td>
<a href="/cdn-cgi/l/email-protection#37675f42435f5e595f5b56595044585977505a565e5b1954585a"><span class="__cf_email__" data-cfemail="7929110c0d111017111518171e0a1617391e14181015571a1614">[email protected]</span></a>;
</td>
11-19-2022 16:39:48 | INFO | _key_email: y
11-19-2022 16:39:48 | INFO | _email: Phuthinhlangson@gmail.com
11-19-2022 16:39:48 | INFO | {'official_name': 'CÔNG TY TNHH MTV XNK PHÚ PHÁT', 'trading_name': '', 'bussiness_code': '4900891035', 'date_of_license': '19/11/2022', 'administration_tax_agency': '', 'start_working_date': '19/11/2022', 'status': 'NNT đang hoạt động (đã được cấp GCN ĐKT)', 'address': 'Số 10 Ngõ 19 ngã 5 Hoàng Quốc Việt, Khu đô thị Phú Lộc 4, Phường Hoàng Văn Thụ, Thành phố Lạng Sơn, Lạng Sơn', 'phone': '0843323888', 'fax': '', 'email': 'Phuthinhlangson@gmail.com', 'web': '', 'representative': 'Vi Văn Phú', 'representative_phone': '', 'representative_address': 'Bà Triệu, Khối 9, Phường Đông Kinh, Thành phố Lạng Sơn, Lạng Sơn', 'director': 'Vi Văn Phú', 'director_phone': '', 'director_address': '', 'accountant': '', 'accountant_phone': '', 'accountant_address': '', 'main_job': 'Hoạt động dịch vụ hỗ trợ kinh doanh khác còn lại chưa được phân vào đâu', 'economic_field': 'Kinh tế tư nhân', 'economic_type': 'Trách nhiệm hữu hạn', 'organization_type': 'Tổ chức kinh tế SXKD dịch vụ, hàng hoá', 'chapter_level': '(555) Doanh nghiệp tư nhân', 'economic_type_child': '(583) Hoạt động dịch vụ phục vụ cá nhân khác', 'url': 'https://vinabiz.us/company/detail/cong-ty-tnhh-mtv-xnk-phu-phat/3400390030003000380039003100300033003500'}
11-19-2022 16:39:48 | INFO | count: 2
11-19-2022 16:39:48 | INFO | Get company details in https://vinabiz.us/company/detail/cong-ty-tnhh-thanh-hang-88/3400390030003000380039003100300032003800
11-19-2022 16:39:48 | DEBUG | Starting new HTTPS connection (1): vinabiz.us:443
11-19-2022 16:39:48 | DEBUG | https://vinabiz.us:443 "GET /company/detail/cong-ty-tnhh-thanh-hang-88/3400390030003000380039003100300032003800 HTTP/1.1" 200 None
11-19-2022 16:39:48 | DEBUG | Encoding detection: utf_8 is most likely the one.
11-19-2022 16:39:48 | INFO | email-data: <td>
<a href="/cdn-cgi/l/email-protection#5f3d3a3c3036323e36263a2a6a6d1f38323e3633713c3032"><span class="__cf_email__" data-cfemail="ed8f888e8284808c84948898d8dfad8a808c8481c38e8280">[email protected]</span></a>;
</td>
11-19-2022 16:39:48 | INFO | _key_email: í
11-19-2022 16:39:48 | INFO | _email: becoimaiyeu52@gmail.com
11-19-2022 16:39:48 | INFO | {'official_name': 'CÔNG TY TNHH THANH HẰNG 88', 'trading_name': 'THANH HANG 88 CO.,LTD', 'bussiness_code': '4900891028', 'date_of_license': '19/11/2022', 'administration_tax_agency': 'THANH HANG 88 CO.,LTD', 'start_working_date': '19/11/2022', 'status': 'NNT đang hoạt động (đã được cấp GCN ĐKT)', 'address': 'Lô 19, Đường Lê Đức Thọ, KĐT Nam Hoàng Đồng, Xã Hoàng Đồng, Thành phố Lạng Sơn, Lạng Sơn', 'phone': '0981131226', 'fax': '', 'email': 'becoimaiyeu52@gmail.com', 'web': '', 'representative': 'Phạm Thị Hằng', 'representative_phone': '', 'representative_address': 'Khối 6, Phường Vĩnh Trại, Thành phố Lạng Sơn, Lạng Sơn', 'director': 'Phạm Thị Hằng', 'director_phone': '', 'director_address': '', 'accountant': '', 'accountant_phone': '', 'accountant_address': '', 'main_job': 'Vận tải hàng hóa bằng đường bộ', 'economic_field': 'Kinh tế tư nhân', 'economic_type': 'Trách nhiệm hữu hạn', 'organization_type': 'Tổ chức kinh tế SXKD dịch vụ, hàng hoá', 'chapter_level': '(755) Doanh nghiệp tư nhân', 'economic_type_child': '(223) Vận tải đường bộ khác', 'url': 'https://vinabiz.us/company/detail/cong-ty-tnhh-thanh-hang-88/3400390030003000380039003100300032003800'}
11-19-2022 16:39:48 | INFO | count: 3
11-19-2022 16:39:48 | INFO | Get company details in https://vinabiz.us/company/detail/cong-ty-tnhh-dich-vu-tong-hop-anh-thu/3400330030003000380038003400320039003000
11-19-2022 16:39:48 | DEBUG | Starting new HTTPS connection (1): vinabiz.us:443
11-19-2022 16:39:48 | DEBUG | https://vinabiz.us:443 "GET /company/detail/cong-ty-tnhh-dich-vu-tong-hop-anh-thu/3400330030003000380038003400320039003000 HTTP/1.1" 200 None
11-19-2022 16:39:48 | DEBUG | Encoding detection: utf_8 is most likely the one.
11-19-2022 16:39:48 | INFO | email-data: <td>
</td>
11-19-2022 16:39:48 | INFO | {'official_name': 'CÔNG TY TNHH DỊCH VỤ TỔNG HỢP ANH THƯ', 'trading_name': '', 'bussiness_code': '4300884290', 'date_of_license': '19/11/2022', 'administration_tax_agency': '', 'start_working_date': '19/11/2022', 'status': 'NNT đang hoạt động (đã được cấp GCN ĐKT)', 'address': 'Thôn Vạn Tường, Xã Bình Hải, Huyện Bình Sơn, Quảng Ngãi', 'phone': '0336599326', 'fax': '', 'email': '', 'web': '', 'representative': 'Nguyễn Thị Ba', 'representative_phone': '', 'representative_address': 'Thôn Vạn Tường, Xã Bình Hải, Huyện Bình Sơn, Quảng Ngãi', 'director': '', 'director_phone': '', 'director_address': '', 'accountant': '', 'accountant_phone': '', 'accountant_address': '', 'main_job': 'Cho thuê máy móc, thiết bị và đồ dùng hữu hình khác không kèm người điều khiển', 'economic_field': 'Kinh tế tư nhân', 'economic_type': 'Trách nhiệm hữu hạn 2 TV trở lên', 'organization_type': 'Tổ chức kinh tế SXKD dịch vụ, hàng hoá', 'chapter_level': '(755) Doanh nghiệp tư nhân', 'economic_type_child': '(231) Hoạt động dịch vụ hỗ trợ cho vận tải', 'url': 'https://vinabiz.us/company/detail/cong-ty-tnhh-dich-vu-tong-hop-anh-thu/3400330030003000380038003400320039003000'}
11-19-2022 16:39:48 | INFO | count: 4
11-19-2022 16:39:48 | INFO | Get company details in https://vinabiz.us/company/detail/chua-hoa-nam/3100330030003100310031003900390032003400
11-19-2022 16:39:48 | DEBUG | Starting new HTTPS connection (1): vinabiz.us:443
11-19-2022 16:39:48 | DEBUG | https://vinabiz.us:443 "GET /company/detail/chua-hoa-nam/3100330030003100310031003900390032003400 HTTP/1.1" 200 None
11-19-2022 16:39:48 | DEBUG | Encoding detection: utf_8 is most likely the one.
11-19-2022 16:39:48 | INFO | email-data: <td>
</td>
11-19-2022 16:39:48 | INFO | {'official_name': 'CHÙA HOÀ NAM', 'trading_name': '', 'bussiness_code': '1301119924', 'date_of_license': '18/11/2022', 'administration_tax_agency': '', 'start_working_date': '01/01/1930', 'status': 'NNT đang hoạt động (đã được cấp GCN ĐKT)', 'address': 'Phú Long, Xã Phước Ngãi, Huyện Ba Tri, Bến Tre', 'phone': '', 'fax': '', 'email': '', 'web': '', 'representative': 'Hồ Văn Sanh', 'representative_phone': '', 'representative_address': '362/46 Nguyễn Đình Chiểu, Phường 04, Quận 3, TP Hồ Chí Minh', 'director': '', 'director_phone': '', 'director_address': '', 'accountant': '', 'accountant_phone': '', 'accountant_address': '', 'main_job': 'Hoạt động của các tổ chức tôn giáo', 'economic_field': 'Kinh tế hỗn hợp ngoài quốc doanh', 'economic_type': 'Khác', 'organization_type': 'Tổ chức kinh tế SXKD dịch vụ, hàng hoá', 'chapter_level': '(989) Các đơn vị khác', 'economic_type_child': '(000) Giáo dục và đào tạo', 'url': 'https://vinabiz.us/company/detail/chua-hoa-nam/3100330030003100310031003900390032003400'}
11-19-2022 16:39:48 | INFO | count: 5
11-19-2022 16:39:48 | INFO | Get company details in https://vinabiz.us/company/detail/cong-ty-tnhh-ve-si-swat-international-bma/3500370030003200310032003400360038003600
11-19-2022 16:39:48 | DEBUG | Starting new HTTPS connection (1): vinabiz.us:443
11-19-2022 16:39:49 | DEBUG | https://vinabiz.us:443 "GET /company/detail/cong-ty-tnhh-ve-si-swat-international-bma/3500370030003200310032003400360038003600 HTTP/1.1" 200 None
11-19-2022 16:39:49 | DEBUG | Encoding detection: utf_8 is most likely the one.
11-19-2022 16:39:49 | INFO | email-data: <td>
</td>
11-19-2022 16:39:49 | INFO | {'official_name': 'CÔNG TY TNHH VỆ SĨ SWAT INTERNATIONAL BMA', 'trading_name': '', 'bussiness_code': '5702124686', 'date_of_license': '18/11/2022', 'administration_tax_agency': '', 'start_working_date': '18/11/2022', 'status': 'NNT đang hoạt động (đã được cấp GCN ĐKT)', 'address': 'Tổ 29 khu 3, Phường Hà Trung, Thành phố Hạ Long, Quảng Ninh', 'phone': '0833 665 666', 'fax': '', 'email': '', 'web': '', 'representative': 'Phạm Tuấn Anh', 'representative_phone': '', 'representative_address': 'Thôn Nam Hải, Xã Đồng Tiến, Huyện Cô Tô, Quảng Ninh', 'director': 'Phạm Tuấn Anh', 'director_phone': '', 'director_address': '', 'accountant': 'Phạm Quang Lương', 'accountant_phone': '', 'accountant_address': '', 'main_job': 'Hoạt động bảo vệ tư nhân', 'economic_field': 'Kinh tế tư nhân', 'economic_type': 'Trách nhiệm hữu hạn', 'organization_type': 'Tổ chức kinh tế SXKD dịch vụ, hàng hoá', 'chapter_level': '(755) Doanh nghiệp tư nhân', 'economic_type_child': '(583) Hoạt động dịch vụ phục vụ cá nhân khác', 'url': 'https://vinabiz.us/company/detail/cong-ty-tnhh-ve-si-swat-international-bma/3500370030003200310032003400360038003600'}
11-19-2022 16:39:49 | INFO | count: 6
11-19-2022 16:39:49 | INFO | Get company details in https://vinabiz.us/company/detail/cong-ty-tnhh-xnk-bao-vy/3500320030003000390033003400340037003900
11-19-2022 16:39:49 | DEBUG | Starting new HTTPS connection (1): vinabiz.us:443
11-19-2022 16:39:49 | DEBUG | https://vinabiz.us:443 "GET /company/detail/cong-ty-tnhh-xnk-bao-vy/3500320030003000390033003400340037003900 HTTP/1.1" 200 None
11-19-2022 16:39:49 | DEBUG | Encoding detection: utf_8 is most likely the one.
11-19-2022 16:39:49 | INFO | email-data: <td>
</td>
11-19-2022 16:39:49 | INFO | {'official_name': 'CÔNG TY TNHH XNK BẢO VY', 'trading_name': 'BAO VY XNK COMPANY LIMITED', 'bussiness_code': '5200934479', 'date_of_license': '18/11/2022', 'administration_tax_agency': 'BAO VY XNK COMPANY LIMITED', 'start_working_date': '18/11/2022', 'status': 'NNT đang hoạt động (đã được cấp GCN ĐKT)', 'address': 'Thôn Cầu Khai, Xã Mậu Đông, Huyện Văn Yên, Yên Bái', 'phone': '0354061295', 'fax': '', 'email': '', 'web': '', 'representative': 'Phan Thị Tố Quyên', 'representative_phone': '', 'representative_address': 'Thôn Đức An, Xã Đông An, Huyện Văn Yên, Yên Bái', 'director': 'Phan Thị Tố Quyên', 'director_phone': '', 'director_address': '', 'accountant': '', 'accountant_phone': '', 'accountant_address': '', 'main_job': 'Bán buôn thực phẩm', 'economic_field': 'Kinh tế tư nhân', 'economic_type': 'Trách nhiệm hữu hạn', 'organization_type': 'Tổ chức kinh tế SXKD dịch vụ, hàng hoá', 'chapter_level': '(755) Doanh nghiệp tư nhân', 'economic_type_child': '(194) Bán buôn (trừ ô tô, mô tô, xe máy và xe có động cơ khác)', 'url': 'https://vinabiz.us/company/detail/cong-ty-tnhh-xnk-bao-vy/3500320030003000390033003400340037003900'}
11-19-2022 16:39:49 | INFO | count: 7
11-19-2022 16:39:49 | INFO | Get company details in https://vinabiz.us/company/detail/cong-ty-tnhh-thuong-mai-dich-vu-tp-foods/3600300030003100370034003700380030003700
11-19-2022 16:39:49 | DEBUG | Starting new HTTPS connection (1): vinabiz.us:443
11-19-2022 16:39:49 | DEBUG | https://vinabiz.us:443 "GET /company/detail/cong-ty-tnhh-thuong-mai-dich-vu-tp-foods/3600300030003100370034003700380030003700 HTTP/1.1" 200 None
11-19-2022 16:39:49 | DEBUG | Encoding detection: utf_8 is most likely the one.
11-19-2022 16:39:49 | INFO | email-data: <td>
</td>
11-19-2022 16:39:49 | INFO | {'official_name': 'CÔNG TY TNHH THƯƠNG MẠI DỊCH VỤ TP FOODS', 'trading_name': '', 'bussiness_code': '6001747807', 'date_of_license': '18/11/2022', 'administration_tax_agency': '', 'start_working_date': '18/11/2022', 'status': 'NNT đang hoạt động (đã được cấp GCN ĐKT)', 'address': 'Số 72 Trần Nhật Duật, Phường Tân Lợi, TP.Buôn Ma Thuột, Đắk Lắk', 'phone': '0906611258', 'fax': '', 'email': '', 'web': '', 'representative': 'Nguyễn Thành Trung', 'representative_phone': '', 'representative_address': '80 Trần Nhật Duật, Phường Tân Lợi, TP.Buôn Ma Thuột, Đắk Lắk', 'director': 'Nguyễn Thành Trung', 'director_phone': '', 'director_address': '', 'accountant': '', 'accountant_phone': '', 'accountant_address': '', 'main_job': 'Bán buôn thực phẩm', 'economic_field': 'Kinh tế tư nhân', 'economic_type': 'Trách nhiệm hữu hạn 2 TV trở lên', 'organization_type': 'Tổ chức kinh tế SXKD dịch vụ, hàng hoá', 'chapter_level': '(755) Doanh nghiệp tư nhân', 'economic_type_child': '(194) Bán buôn (trừ ô tô, mô tô, xe máy và xe có động cơ khác)', 'url': 'https://vinabiz.us/company/detail/cong-ty-tnhh-thuong-mai-dich-vu-tp-foods/3600300030003100370034003700380030003700'}
11-19-2022 16:39:49 | INFO | count: 8
11-19-2022 16:39:49 | INFO | Get company details in https://vinabiz.us/company/detail/cong-ty-tnhh-mtv-dv-tm-minh-anh-ak/3100310030003200300032003000360037003000
11-19-2022 16:39:49 | DEBUG | Starting new HTTPS connection (1): vinabiz.us:443
11-19-2022 16:39:49 | DEBUG | https://vinabiz.us:443 "GET /company/detail/cong-ty-tnhh-mtv-dv-tm-minh-anh-ak/3100310030003200300032003000360037003000 HTTP/1.1" 200 None
11-19-2022 16:39:49 | DEBUG | Encoding detection: utf_8 is most likely the one.
11-19-2022 16:39:49 | INFO | email-data: <td>
</td>
11-19-2022 16:39:49 | INFO | {'official_name': 'CÔNG TY TNHH MTV DV TM MINH ANH AK', 'trading_name': '', 'bussiness_code': '1102020670', 'date_of_license': '18/11/2022', 'administration_tax_agency': '', 'start_working_date': '18/11/2022', 'status': 'NNT đang hoạt động (đã được cấp GCN ĐKT)', 'address': 'Lô DH-DV2 đường số 1, KCN Anh Hồng, ấp Đức Hạnh 2, Xã Đức Lập Hạ, Huyện Đức Hoà, Long An', 'phone': '0773376877', 'fax': '', 'email': '', 'web': '', 'representative': 'Phan Hoàng Anh', 'representative_phone': '', 'representative_address': '698/3 Trường Chinh, Phường 15, Quận Tân Bình, TP Hồ Chí Minh', 'director': '', 'director_phone': '', 'director_address': '', 'accountant': '', 'accountant_phone': '', 'accountant_address': '', 'main_job': 'Cung cấp dịch vụ ăn uống theo hợp đồng không thường xuyên với khách hàng', 'economic_field': 'Kinh tế tư nhân', 'economic_type': 'Trách nhiệm hữu hạn', 'organization_type': 'Tổ chức kinh tế SXKD dịch vụ, hàng hoá', 'chapter_level': '(755) Doanh nghiệp tư nhân', 'economic_type_child': '(314) Cung cấp dịch vụ ăn uống theo hợp đồng không thường xuyên và dịch vụ ăn uống khác', 'url': 'https://vinabiz.us/company/detail/cong-ty-tnhh-mtv-dv-tm-minh-anh-ak/3100310030003200300032003000360037003000'}
11-19-2022 16:39:49 | INFO | count: 9
11-19-2022 16:39:49 | INFO | Get company details in https://vinabiz.us/company/detail/cong-ty-tnhh-coco-vina-phuong-nguyen/3600340030003000340034003900310031003100
11-19-2022 16:39:49 | DEBUG | Starting new HTTPS connection (1): vinabiz.us:443
11-19-2022 16:39:50 | DEBUG | https://vinabiz.us:443 "GET /company/detail/cong-ty-tnhh-coco-vina-phuong-nguyen/3600340030003000340034003900310031003100 HTTP/1.1" 200 None
11-19-2022 16:39:50 | DEBUG | Encoding detection: utf_8 is most likely the one.
11-19-2022 16:39:50 | INFO | email-data: <td>
</td>
11-19-2022 16:39:50 | INFO | {'official_name': 'CÔNG TY TNHH COCO VINA PHƯƠNG NGUYÊN', 'trading_name': 'CÔNG TY COCO VINA PHƯƠNG NGUYÊN', 'bussiness_code': '6400449111', 'date_of_license': '18/11/2022', 'administration_tax_agency': 'CÔNG TY COCO VINA PHƯƠNG NGUYÊN', 'start_working_date': '18/11/2022', 'status': 'NNT đang hoạt động (đã được cấp GCN ĐKT)', 'address': 'Thôn Đắc Thủy, Xã Đắk Lao, Huyện Đắk Mil, Đắk Nông', 'phone': '0935557082', 'fax': '', 'email': '', 'web': '', 'representative': 'Nguyễn Kim Vàng', 'representative_phone': '', 'representative_address': 'Số 38 đường Nguyễn tất Thành, Phường Tự An, TP.Buôn Ma Thuột, Đắk Lắk', 'director': 'Nguyễn Kim Vàng', 'director_phone': '', 'director_address': '', 'accountant': 'Nguyễn Thị Huyền Trang', 'accountant_phone': '', 'accountant_address': '', 'main_job': 'Bán buôn nhiên liệu rắn, lỏng, khí và các sản phẩm liên quan', 'economic_field': 'Kinh tế tư nhân', 'economic_type': 'Trách nhiệm hữu hạn 2 TV trở lên', 'organization_type': 'Tổ chức kinh tế SXKD dịch vụ, hàng hoá', 'chapter_level': '(755) Doanh nghiệp tư nhân', 'economic_type_child': '(194) Bán buôn (trừ ô tô, mô tô, xe máy và xe có động cơ khác)', 'url': 'https://vinabiz.us/company/detail/cong-ty-tnhh-coco-vina-phuong-nguyen/3600340030003000340034003900310031003100'}
11-19-2022 16:39:50 | INFO | count: 10
11-19-2022 16:39:50 | INFO | Get company details in https://vinabiz.us/company/detail/cong-ty-co-phan-com-natural/3600300030003100370034003700380037003800
11-19-2022 16:39:50 | DEBUG | Starting new HTTPS connection (1): vinabiz.us:443
11-19-2022 16:39:50 | DEBUG | https://vinabiz.us:443 "GET /company/detail/cong-ty-co-phan-com-natural/3600300030003100370034003700380037003800 HTTP/1.1" 200 None
11-19-2022 16:39:50 | DEBUG | Encoding detection: utf_8 is most likely the one.
11-19-2022 16:39:50 | INFO | email-data: <td>
</td>
11-19-2022 16:39:50 | INFO | {'official_name': 'CÔNG TY CỔ PHẦN CỐM NATURAL', 'trading_name': '', 'bussiness_code': '6001747878', 'date_of_license': '18/11/2022', 'administration_tax_agency': '', 'start_working_date': '18/11/2022', 'status': 'NNT đang hoạt động (đã được cấp GCN ĐKT)', 'address': 'Thôn 13, Xã Hòa Khánh, TP.Buôn Ma Thuột, Đắk Lắk', 'phone': '0941615615', 'fax': '', 'email': '', 'web': '', 'representative': 'Nguyễn Thanh Dương', 'representative_phone': '', 'representative_address': 'Thôn 1, Xã Hòa Thuận, TP.Buôn Ma Thuột, Đắk Lắk', 'director': '', 'director_phone': '', 'director_address': '', 'accountant': '', 'accountant_phone': '', 'accountant_address': '', 'main_job': 'Dịch vụ phục vụ đồ uống', 'economic_field': 'Kinh tế tư nhân', 'economic_type': 'Cổ phần', 'organization_type': 'Tổ chức kinh tế SXKD dịch vụ, hàng hoá', 'chapter_level': '(755) Doanh nghiệp tư nhân', 'economic_type_child': '(315) Dịch vụ phục vụ đồ uống', 'url': 'https://vinabiz.us/company/detail/cong-ty-co-phan-com-natural/3600300030003100370034003700380037003800'}
11-19-2022 16:39:50 | INFO | count: 11
11-19-2022 16:39:50 | INFO | Get company details in https://vinabiz.us/company/detail/cong-ty-tnhh-det-mkc/3100310030003200300032003000350035003000
11-19-2022 16:39:50 | DEBUG | Starting new HTTPS connection (1): vinabiz.us:443
11-19-2022 16:39:50 | DEBUG | https://vinabiz.us:443 "GET /company/detail/cong-ty-tnhh-det-mkc/3100310030003200300032003000350035003000 HTTP/1.1" 200 None
11-19-2022 16:39:50 | DEBUG | Encoding detection: utf_8 is most likely the one.
11-19-2022 16:39:50 | INFO | email-data: <td>
<a href="/cdn-cgi/l/email-protection#adc1d8d8d9d8d4c8c3ddc5d8c3caedcac0ccc4c183cec2c0"><span class="__cf_email__" data-cfemail="b5d9c0c0c1c0ccd0dbc5ddc0dbd2f5d2d8d4dcd99bd6dad8">[email protected]</span></a>;
</td>
11-19-2022 16:39:50 | INFO | _key_email: µ
11-19-2022 16:39:50 | INFO | _email: luutuyenphung@gmail.com
11-19-2022 16:39:50 | INFO | {'official_name': 'CÔNG TY TNHH DỆT MKC', 'trading_name': 'MKC TEXTILE CO., LTD', 'bussiness_code': '1102020550', 'date_of_license': '18/11/2022', 'administration_tax_agency': 'MKC TEXTILE CO., LTD', 'start_working_date': '18/11/2022', 'status': 'NNT đang hoạt động (đã được cấp GCN ĐKT)', 'address': 'ấp Bình Tiền 2, Xã Đức Hòa Hạ, Huyện Đức Hoà, Long An', 'phone': '0938989820', 'fax': '', 'email': 'luutuyenphung@gmail.com', 'web': '', 'representative': 'Quách Lưu Tuyên Phụng', 'representative_phone': '', 'representative_address': '32 Đường 1B, Phường Bình Trị Đông B, Quận Bình Tân, TP Hồ Chí Minh', 'director': '', 'director_phone': '', 'director_address': '', 'accountant': '', 'accountant_phone': '', 'accountant_address': '', 'main_job': 'Sản xuất các loại hàng dệt khác chưa được phân vào đâu', 'economic_field': 'Kinh tế tư nhân', 'economic_type': 'Trách nhiệm hữu hạn', 'organization_type': 'Tổ chức kinh tế SXKD dịch vụ, hàng hoá', 'chapter_level': '(555) Doanh nghiệp tư nhân', 'economic_type_child': '(074) Sản xuất sợi, dệt vải, sản xuất hàng dệt khác và hoàn thiện sản phẩm dệt', 'url': 'https://vinabiz.us/company/detail/cong-ty-tnhh-det-mkc/3100310030003200300032003000350035003000'}
11-19-2022 16:39:50 | INFO | count: 12
11-19-2022 16:39:50 | INFO | Get company details in https://vinabiz.us/company/detail/cong-ty-tnhh-vn-tan-thai/3000320030003200310038003000350039003500
11-19-2022 16:39:50 | DEBUG | Starting new HTTPS connection (1): vinabiz.us:443
11-19-2022 16:39:50 | DEBUG | https://vinabiz.us:443 "GET /company/detail/cong-ty-tnhh-vn-tan-thai/3000320030003200310038003000350039003500 HTTP/1.1" 200 None
11-19-2022 16:39:50 | DEBUG | Encoding detection: utf_8 is most likely the one.
11-19-2022 16:39:50 | INFO | email-data: <td>
</td>
11-19-2022 16:39:50 | INFO | {'official_name': 'CÔNG TY TNHH VN TÂN THÁI', 'trading_name': '', 'bussiness_code': '0202180595', 'date_of_license': '18/11/2022', 'administration_tax_agency': '', 'start_working_date': '18/11/2022', 'status': 'NNT đang hoạt động (đã được cấp GCN ĐKT)', 'address': '22/161 Chùa Hàng, Phường Dư Hàng Kênh, Quận Lê Chân, Hải Phòng', 'phone': '0975086015', 'fax': '', 'email': '', 'web': '', 'representative': 'Trần Đức Huy', 'representative_phone': '', 'representative_address': '22/161 Chùa Hàng, Phường Dư Hàng Kênh, Quận Lê Chân, Hải Phòng', 'director': 'Trần Đức Huy', 'director_phone': '', 'director_address': '', 'accountant': '', 'accountant_phone': '', 'accountant_address': '', 'main_job': 'Chuyển phát', 'economic_field': 'Kinh tế tư nhân', 'economic_type': 'Trách nhiệm hữu hạn', 'organization_type': 'Tổ chức kinh tế SXKD dịch vụ, hàng hoá', 'chapter_level': '(755) Doanh nghiệp tư nhân', 'economic_type_child': '(256) Hoạt động bưu chính và chuyển phát', 'url': 'https://vinabiz.us/company/detail/cong-ty-tnhh-vn-tan-thai/3000320030003200310038003000350039003500'}
11-19-2022 16:39:50 | INFO | count: 13
11-19-2022 16:39:50 | INFO | Get company details in https://vinabiz.us/company/detail/cong-ty-tnhh-pcs-telecom-viet-nam/3000320030003200310038003000360031003200
11-19-2022 16:39:50 | DEBUG | Starting new HTTPS connection (1): vinabiz.us:443
11-19-2022 16:39:51 | DEBUG | https://vinabiz.us:443 "GET /company/detail/cong-ty-tnhh-pcs-telecom-viet-nam/3000320030003200310038003000360031003200 HTTP/1.1" 200 None
11-19-2022 16:39:51 | DEBUG | Encoding detection: utf_8 is most likely the one.
11-19-2022 16:39:51 | INFO | email-data: <td>
<a href="/cdn-cgi/l/email-protection#14667179717b3a63757a7354647767733a7a7160"><span class="__cf_email__" data-cfemail="a6d4c3cbc3c988d1c7c8c1e6d6c5d5c188c8c3d2">[email protected]</span></a>;
</td>
11-19-2022 16:39:51 | INFO | _key_email: ¦
11-19-2022 16:39:51 | INFO | _email: remeo.wang@pcsg.net
11-19-2022 16:39:51 | INFO | {'official_name': 'CÔNG TY TNHH PCS TELECOM VIỆT NAM', 'trading_name': 'PCS TELECOM VIETNAM CO. LTD', 'bussiness_code': '0202180612', 'date_of_license': '18/11/2022', 'administration_tax_agency': 'PCS TELECOM VIETNAM CO. LTD', 'start_working_date': '18/11/2022', 'status': 'NNT đang hoạt động (đã được cấp GCN ĐKT)', 'address': 'Tầng 1, Lô HK 10 Khu đô thị ven sông Lạch Tray, Phường Vĩnh Niệm, Quận Lê Chân, Hải Phòng', 'phone': '0813852885', 'fax': '', 'email': 'remeo.wang@pcsg.net', 'web': '', 'representative': 'Jiang Songxu', 'representative_phone': '', 'representative_address': 'Số 41 Đường Hoa Phượng Vũ, Khu biệt thự Long Việt Quang Mi, Thị trấn Quang Minh, Huyện Mê Linh, Hà Nội', 'director': 'Jiang Songxu', 'director_phone': '', 'director_address': '', 'accountant': 'Phùng Thị Là', 'accountant_phone': '', 'accountant_address': '', 'main_job': 'Bán buôn tổng hợp', 'economic_field': 'Kinh tế có vốn đầu tư nước ngoài', 'economic_type': 'Trách nhiệm hữu hạn', 'organization_type': 'Tổ chức kinh tế SXKD dịch vụ, hàng hoá', 'chapter_level': '(551) Các đơn vị có 100% vốn đầu tư nước ngoài vào Việt Nam', 'economic_type_child': '(194) Bán buôn (trừ ô tô, mô tô, xe máy và xe có động cơ khác)', 'url': 'https://vinabiz.us/company/detail/cong-ty-tnhh-pcs-telecom-viet-nam/3000320030003200310038003000360031003200'}
11-19-2022 16:39:51 | INFO | count: 14
11-19-2022 16:39:51 | INFO | Get company details in https://vinabiz.us/company/detail/cong-ty-tnhh-bat-dong-san-dien-an/3300360030003300380039003300310034003000
11-19-2022 16:39:51 | DEBUG | Starting new HTTPS connection (1): vinabiz.us:443
11-19-2022 16:39:51 | DEBUG | https://vinabiz.us:443 "GET /company/detail/cong-ty-tnhh-bat-dong-san-dien-an/3300360030003300380039003300310034003000 HTTP/1.1" 200 None
11-19-2022 16:39:51 | DEBUG | Encoding detection: utf_8 is most likely the one.
11-19-2022 16:39:51 | INFO | email-data: <td>
</td>
11-19-2022 16:39:51 | INFO | {'official_name': 'CÔNG TY TNHH BẤT ĐỘNG SẢN ĐIỀN AN', 'trading_name': '', 'bussiness_code': '3603893140', 'date_of_license': '18/11/2022', 'administration_tax_agency': '', 'start_working_date': '18/11/2022', 'status': 'NNT đang hoạt động (đã được cấp GCN ĐKT)', 'address': 'Số 132/1B, ấp Gia Yên, Xã Gia Tân 3, Huyện Thống Nhất, Đồng Nai', 'phone': '0945259259', 'fax': '', 'email': '', 'web': '', 'representative': 'Lại Sơn Huy', 'representative_phone': '', 'representative_address': 'Số 132/1B, ấp Gia Yên, Xã Gia Tân 3, Huyện Thống Nhất, Đồng Nai', 'director': '', 'director_phone': '', 'director_address': '', 'accountant': '', 'accountant_phone': '', 'accountant_address': '', 'main_job': 'Tư vấn, môi giới, đấu giá bất động sản, đấu giá quyền sử dụng đất', 'economic_field': 'Kinh tế tư nhân', 'economic_type': 'Trách nhiệm hữu hạn', 'organization_type': 'Tổ chức kinh tế SXKD dịch vụ, hàng hoá', 'chapter_level': '(755) Doanh nghiệp tư nhân', 'economic_type_child': '(402) Tư vấn, môi giới, đấu giá bất động sản', 'url': 'https://vinabiz.us/company/detail/cong-ty-tnhh-bat-dong-san-dien-an/3300360030003300380039003300310034003000'}
11-19-2022 16:39:51 | INFO | count: 15
11-19-2022 16:39:51 | INFO | Get company details in https://vinabiz.us/company/detail/cong-ty-co-phan-phuc-thanh-hai-phong/3000320030003200310038003000360030003500
11-19-2022 16:39:51 | DEBUG | Starting new HTTPS connection (1): vinabiz.us:443
11-19-2022 16:39:51 | DEBUG | https://vinabiz.us:443 "GET /company/detail/cong-ty-co-phan-phuc-thanh-hai-phong/3000320030003200310038003000360030003500 HTTP/1.1" 200 None
11-19-2022 16:39:51 | DEBUG | Encoding detection: utf_8 is most likely the one.
11-19-2022 16:39:51 | INFO | email-data: <td>
</td>
11-19-2022 16:39:51 | INFO | {'official_name': 'CÔNG TY CỔ PHẦN PHÚC THÀNH HẢI PHÒNG', 'trading_name': 'PHUC THANH HAI PHONG.,JSC', 'bussiness_code': '0202180605', 'date_of_license': '18/11/2022', 'administration_tax_agency': 'PHUC THANH HAI PHONG.,JSC', 'start_working_date': '18/11/2022', 'status': 'NNT đang hoạt động (đã được cấp GCN ĐKT)', 'address': 'Số 125 Lô 16 Mở Rộng Trung Hành 5, Phường Đằng Lâm, Quận Hải An, Hải Phòng', 'phone': '0369093386', 'fax': '', 'email': '', 'web': '', 'representative': 'Nguyễn Văn Thành', 'representative_phone': '', 'representative_address': 'TDP Hạ Đoạn 4, Phường Đông Hải 2, Quận Hải An, Hải Phòng', 'director': 'Nguyễn Văn Thành', 'director_phone': '', 'director_address': '', 'accountant': '', 'accountant_phone': '', 'accountant_address': '', 'main_job': 'Chuẩn bị mặt bằng', 'economic_field': 'Kinh tế tư nhân', 'economic_type': 'Cổ phần', 'organization_type': 'Tổ chức kinh tế SXKD dịch vụ, hàng hoá', 'chapter_level': '(755) Doanh nghiệp tư nhân', 'economic_type_child': '(166) Phá dỡ và chuẩn bị mặt bằng', 'url': 'https://vinabiz.us/company/detail/cong-ty-co-phan-phuc-thanh-hai-phong/3000320030003200310038003000360030003500'}
11-19-2022 16:39:51 | INFO | count: 16
11-19-2022 16:39:51 | INFO | Get company details in https://vinabiz.us/company/detail/cong-ty-tnhh-dich-vu-xay-lap-truong-thinh/3600310030003100320039003100350035003700
11-19-2022 16:39:51 | DEBUG | Starting new HTTPS connection (1): vinabiz.us:443
11-19-2022 16:39:51 | DEBUG | https://vinabiz.us:443 "GET /company/detail/cong-ty-tnhh-dich-vu-xay-lap-truong-thinh/3600310030003100320039003100350035003700 HTTP/1.1" 200 None
11-19-2022 16:39:51 | DEBUG | Encoding detection: utf_8 is most likely the one.
11-19-2022 16:39:51 | INFO | email-data: <td>
<a href="/cdn-cgi/l/email-protection#7b1814151c0f020f151313031a02171a0b0f090e14151c0f131215133b1c16"><span class="__cf_email__" data-cfemail="41222e2f263538352f29293920382d20313533342e2f263529282f2901262c">[email protected]</span></a>;
</td>
11-19-2022 16:39:51 | INFO | _key_email: A
11-19-2022 16:39:51 | INFO | _email: congtytnhhxaylaptruongthinh@gm
11-19-2022 16:39:51 | INFO | {'official_name': 'CÔNG TY TNHH DỊCH VỤ XÂY LẮP TRƯỜNG THỊNH', 'trading_name': '', 'bussiness_code': '6101291557', 'date_of_license': '18/11/2022', 'administration_tax_agency': '', 'start_working_date': '18/11/2022', 'status': 'NNT đang hoạt động (đã được cấp GCN ĐKT)', 'address': '156 đường Hai Bà Trưng, Thị trấn Pleikần, Huyện Ngọc Hồi, Kon Tum', 'phone': '0908519668', 'fax': '', 'email': 'congtytnhhxaylaptruongthinh@gm', 'web': '', 'representative': 'Phạm Hoàng Vĩ', 'representative_phone': '', 'representative_address': '156 đường Hai Bà Trưng, Thị trấn Pleikần, Huyện Ngọc Hồi, Kon Tum', 'director': 'Phạm Hoàng Vĩ', 'director_phone': '', 'director_address': '', 'accountant': '', 'accountant_phone': '', 'accountant_address': '', 'main_job': 'Xây dựng công trình cấp, thoát nước', 'economic_field': 'Kinh tế tư nhân', 'economic_type': 'Trách nhiệm hữu hạn', 'organization_type': 'Tổ chức kinh tế SXKD dịch vụ, hàng hoá', 'chapter_level': '(755) Doanh nghiệp tư nhân', 'economic_type_child': '(165) Xây dựng công trình kỹ thuật dân dụng khác', 'url': 'https://vinabiz.us/company/detail/cong-ty-tnhh-dich-vu-xay-lap-truong-thinh/3600310030003100320039003100350035003700'}
11-19-2022 16:39:51 | INFO | count: 17
11-19-2022 16:39:51 | INFO | Get company details in https://vinabiz.us/company/detail/cong-ty-tnhh-dich-vu-du-lich-to-ny-cong/3100370030003200320036003600320031003000
11-19-2022 16:39:51 | DEBUG | Starting new HTTPS connection (1): vinabiz.us:443
11-19-2022 16:39:51 | DEBUG | https://vinabiz.us:443 "GET /company/detail/cong-ty-tnhh-dich-vu-du-lich-to-ny-cong/3100370030003200320036003600320031003000 HTTP/1.1" 200 None
11-19-2022 16:39:51 | DEBUG | Encoding detection: utf_8 is most likely the one.
11-19-2022 16:39:51 | INFO | email-data: <td>
</td>
11-19-2022 16:39:51 | INFO | {'official_name': 'CÔNG TY TNHH DỊCH VỤ DU LỊCH TO NY CÔNG', 'trading_name': 'TO NY CONG TRAVEL SERVICE COMPANY LIMITED', 'bussiness_code': '1702266210', 'date_of_license': '18/11/2022', 'administration_tax_agency': 'TO NY CONG TRAVEL SERVICE COMPANY LIMITED', 'start_working_date': '15/12/2022', 'status': 'NNT đang hoạt động (đã được cấp GCN ĐKT)', 'address': 'Tổ 4, ấp Suối Mây, Xã Dương Tơ, Thành phố Phú Quốc, Kiên Giang', 'phone': '0913163264', 'fax': '', 'email': '', 'web': '', 'representative': 'Huỳnh Chiến Công', 'representative_phone': '', 'representative_address': 'Tổ 4, ấp Suối Mây, Xã Dương Tơ, Thành phố Phú Quốc, Kiên Giang', 'director': 'Huỳnh Chiến Công', 'director_phone': '', 'director_address': '', 'accountant': '', 'accountant_phone': '', 'accountant_address': '', 'main_job': 'Vận tải hành khách đường thuỷ nội địa', 'economic_field': 'Kinh tế tư nhân', 'economic_type': 'Trách nhiệm hữu hạn', 'organization_type': 'Tổ chức kinh tế SXKD dịch vụ, hàng hoá', 'chapter_level': '(755) Doanh nghiệp tư nhân', 'economic_type_child': '(226) Vận tải đường thuỷ nội địa', 'url': 'https://vinabiz.us/company/detail/cong-ty-tnhh-dich-vu-du-lich-to-ny-cong/3100370030003200320036003600320031003000'}
11-19-2022 16:39:51 | INFO | count: 18
11-19-2022 16:39:51 | INFO | Get company details in https://vinabiz.us/company/detail/cong-ty-tnhh-cung-ung-thuc-pham-to-gia-food/3200390030003200310035003100390031003700
11-19-2022 16:39:51 | DEBUG | Starting new HTTPS connection (1): vinabiz.us:443
11-19-2022 16:39:52 | DEBUG | https://vinabiz.us:443 "GET /company/detail/cong-ty-tnhh-cung-ung-thuc-pham-to-gia-food/3200390030003200310035003100390031003700 HTTP/1.1" 200 None
11-19-2022 16:39:52 | DEBUG | Encoding detection: utf_8 is most likely the one.
11-19-2022 16:39:52 | INFO | email-data: <td>
<a href="/cdn-cgi/l/email-protection#0f7b6062666167676e61683c3a674f68626e6663216c6062"><span class="__cf_email__" data-cfemail="becad1d3d7d0d6d6dfd0d98d8bd6fed9d3dfd7d290ddd1d3">[email protected]</span></a>;
</td>
11-19-2022 16:39:52 | INFO | _key_email: ¾
11-19-2022 16:39:52 | INFO | _email: tominhhang35h@gmail.com
11-19-2022 16:39:52 | INFO | {'official_name': 'CÔNG TY TNHH CUNG ỨNG THỰC PHẨM TÔ GIA FOOD', 'trading_name': '', 'bussiness_code': '2902151917', 'date_of_license': '18/11/2022', 'administration_tax_agency': '', 'start_working_date': '18/11/2022', 'status': 'NNT đang hoạt động (đã được cấp GCN ĐKT)', 'address': 'Xóm 8, Xã Hưng Chính, Thành phố Vinh, Nghệ An', 'phone': '0917001286', 'fax': '', 'email': 'tominhhang35h@gmail.com', 'web': '', 'representative': 'Nguyễn Thị Hường', 'representative_phone': '', 'representative_address': 'Thôn Bạch Mai, Xã Đồng Thái, Huyện An Dương, Hải Phòng', 'director': 'Nguyễn Thị Hường', 'director_phone': '', 'director_address': '', 'accountant': 'Tô Thị Minh Hằng', 'accountant_phone': '', 'accountant_address': '', 'main_job': 'Bán buôn thực phẩm', 'economic_field': 'Kinh tế tư nhân', 'economic_type': 'Trách nhiệm hữu hạn', 'organization_type': 'Tổ chức kinh tế SXKD dịch vụ, hàng hoá', 'chapter_level': '(755) Doanh nghiệp tư nhân', 'economic_type_child': '(194) Bán buôn (trừ ô tô, mô tô, xe máy và xe có động cơ khác)', 'url': 'https://vinabiz.us/company/detail/cong-ty-tnhh-cung-ung-thuc-pham-to-gia-food/3200390030003200310035003100390031003700'}
11-19-2022 16:39:52 | INFO | count: 19
11-19-2022 16:39:52 | INFO | Get company details in https://vinabiz.us/company/detail/cong-ty-tnhh-khoa-hoc-cong-nghe-hoa-hung/3000380030003100330038003700320034003600
11-19-2022 16:39:52 | DEBUG | Starting new HTTPS connection (1): vinabiz.us:443
11-19-2022 16:39:52 | DEBUG | https://vinabiz.us:443 "GET /company/detail/cong-ty-tnhh-khoa-hoc-cong-nghe-hoa-hung/3000380030003100330038003700320034003600 HTTP/1.1" 200 None
11-19-2022 16:39:52 | DEBUG | Encoding detection: utf_8 is most likely the one.
11-19-2022 16:39:52 | INFO | email-data: <td>
<a href="/cdn-cgi/l/email-protection#f9979e8c809c978d9190888c8097918897b99e94989095d79a9694"><span class="__cf_email__" data-cfemail="85ebe2f0fce0ebf1edecf4f0fcebedf4ebc5e2e8e4ece9abe6eae8">[email protected]</span></a>;
</td>
11-19-2022 16:39:52 | INFO | _key_email: 
11-19-2022 16:39:52 | INFO | _email: nguyenthiquynhqn@gmail.com
11-19-2022 16:39:52 | INFO | {'official_name': 'CÔNG TY TNHH KHOA HỌC CÔNG NGHỆ HÒA HƯNG', 'trading_name': 'HEGXING GIFT AND TECHNOLOGY CO., LTD', 'bussiness_code': '0801387246', 'date_of_license': '18/11/2022', 'administration_tax_agency': 'HEGXING GIFT AND TECHNOLOGY CO., LTD', 'start_working_date': '18/11/2022', 'status': 'NNT đang hoạt động (đã được cấp GCN ĐKT)', 'address': 'Thôn Dưỡng Thái Trung, Xã Phúc Thành A, Huyện Kim Thành, Hải Dương', 'phone': '0392902010', 'fax': '', 'email': 'nguyenthiquynhqn@gmail.com', 'web': '', 'representative': 'Nguyễn Thị Quỳnh', 'representative_phone': '', 'representative_address': 'Hổ Lao, Xã Tân Việt, Thị Xã Đông Triều, Quảng Ninh', 'director': 'Nguyễn Thị Quỳnh', 'director_phone': '', 'director_address': '', 'accountant': '', 'accountant_phone': '', 'accountant_address': '', 'main_job': 'Sản xuất sản phẩm từ plastic', 'economic_field': 'Kinh tế tư nhân', 'economic_type': 'Trách nhiệm hữu hạn', 'organization_type': 'Tổ chức kinh tế SXKD dịch vụ, hàng hoá', 'chapter_level': '(755) Doanh nghiệp tư nhân', 'economic_type_child': '(086) Sản xuất các sản phẩm từ nhựa (plastic)', 'url': 'https://vinabiz.us/company/detail/cong-ty-tnhh-khoa-hoc-cong-nghe-hoa-hung/3000380030003100330038003700320034003600'}
11-19-2022 16:39:52 | INFO | count: 20
11-19-2022 16:39:52 | INFO | Get company details in https://vinabiz.us/company/detail/cong-ty-co-phan-xuat-nhap-khau-thuong-mai-hai-quynh/3200370030003000390034003800350038003700
11-19-2022 16:39:52 | DEBUG | Starting new HTTPS connection (1): vinabiz.us:443
11-19-2022 16:39:52 | DEBUG | https://vinabiz.us:443 "GET /company/detail/cong-ty-co-phan-xuat-nhap-khau-thuong-mai-hai-quynh/3200370030003000390034003800350038003700 HTTP/1.1" 200 None
11-19-2022 16:39:52 | DEBUG | Encoding detection: utf_8 is most likely the one.
11-19-2022 16:39:52 | INFO | email-data: <td>
</td>
11-19-2022 16:39:52 | INFO | {'official_name': 'CÔNG TY CỔ PHẦN XUẤT NHẬP KHẨU THƯƠNG MẠI HẢI QUỲNH', 'trading_name': 'HAI QUYNH TRADING IMPORT EXPORT JOINT STOCK COMPANY', 'bussiness_code': '2700948587', 'date_of_license': '18/11/2022', 'administration_tax_agency': 'HAI QUYNH TRADING IMPORT EXPORT JOINT STOCK COMPANY', 'start_working_date': '18/11/2022', 'status': 'NNT đang hoạt động (đã được cấp GCN ĐKT)', 'address': 'Nhà Bác Lập, Xóm Chợ Xanh, Xã Khánh Thiện, Huyện Yên Khánh, Ninh Bình', 'phone': '0399425400 -', 'fax': '', 'email': '', 'web': '', 'representative': 'Trần Ngọc Chung', 'representative_phone': '', 'representative_address': 'Tổ 5 khu 2, Phường Bãi Cháy, Thành phố Hạ Long, Quảng Ninh', 'director': '', 'director_phone': '', 'director_address': '', 'accountant': '', 'accountant_phone': '', 'accountant_address': '', 'main_job': 'Bán buôn thực phẩm', 'economic_field': 'Kinh tế tư nhân', 'economic_type': 'Cổ phần', 'organization_type': 'Tổ chức kinh tế SXKD dịch vụ, hàng hoá', 'chapter_level': '(555) Doanh nghiệp tư nhân', 'economic_type_child': '(194) Bán buôn (trừ ô tô, mô tô, xe máy và xe có động cơ khác)', 'url': 'https://vinabiz.us/company/detail/cong-ty-co-phan-xuat-nhap-khau-thuong-mai-hai-quynh/3200370030003000390034003800350038003700'}
11-19-2022 16:39:52 | INFO | Saved file: data\Data_vinabiz.us_20221119_163947.xlsx
11-19-2022 16:39:52 | INFO | <===> Crawl end ~ Get information of total 20 companies
11-19-2022 16:39:52 | INFO | ====================================================
11-19-2022 16:39:52 | INFO | 
